<?xml version="1.0" encoding="UTF-8" ?>
<testsuite tests="15" failures="2" name="TestSuite" time="30.727" errors="0" skipped="0">
  <properties>
[...]
</properties>
  <testcase classname="scripts._01_AppleTest" name="X" time="0.007">
    <failure message="Failure on purpose" type="java.lang.AssertionError">java.lang.AssertionError: Failure on purpose
	at org.testng.Assert.fail(Assert.java:97)
	at scripts._01_AppleTest.X(_01_AppleTest.java:31)
</failure>
    <system-out>Configuring TestNG with: org.apache.maven.surefire.testng.conf.TestNG652Configurator@6debcae2
</system-out>
    <system-err>SLF4J: Failed to load class &quot;org.slf4j.impl.StaticLoggerBinder&quot;.
SLF4J: Defaulting to no-operation (NOP) logger implementation
SLF4J: See http://www.slf4j.org/codes.html#StaticLoggerBinder for further details.
Starting ChromeDriver 101.0.4951.41 (93c720db8323b3ec10d056025ab95c23a31997c9-refs/branch-heads/4951@{#904}) on port 31370
Only local connections are allowed.
Please see https://chromedriver.chromium.org/security-considerations for suggestions on keeping ChromeDriver safe.
ChromeDriver was started successfully.
May 29, 2022 7:00:45 PM org.openqa.selenium.remote.ProtocolHandshake createSession
INFO: Detected dialect: W3C
</system-err>
  </testcase>
  <testcase classname="scripts._01_AppleTest" name="testAppleTitle" time="0.809"/>
  <testcase classname="scripts._01_AppleTest" name="testAppleURL" time="0.811"/>
  <testcase classname="scripts._02_TechGlobalTest" name="testHeading" time="0.608"/>
  <testcase classname="scripts._03_EtsyTest" name="testEtsyLogo" time="1.806"/>
  <testcase classname="scripts._03_EtsyTest" name="testEtsySearch" time="1.718"/>
  <testcase classname="scripts._03_EtsyTest" name="testEtsySearchResult" time="4.583"/>
  <testcase classname="scripts._03_EtsyTest" name="testMainHeader" time="1.828"/>
  <testcase classname="scripts._04_GoogleSearchTest" name="testSearch" time="2.284"/>
  <testcase classname="scripts._04_GoogleSearchTest" name="testGoogleStoreLink" time="3.029"/>
  <testcase classname="scripts._05_CheckBoxTest" name="testCheckBoxInHeroApp" time="0.993"/>
  <testcase classname="scripts._06_RadioButtonTest" name="testFacebookGenderRadioButtons" time="1.166"/>
  <testcase classname="scripts._07_DropdownTest" name="testUnsecurePasswordErrorMessage" time="5.226"/>
  <testcase classname="scripts._07_DropdownTest" name="testExpediaDropdowns" time="4.972">
    <failure message="element click intercepted: Element &lt;a aria-label=&quot;Flights&quot; data-stid=&quot;flight-link&quot; href=&quot;/Flights&quot; target=&quot;_self&quot; rel=&quot;&quot; class=&quot;uitk-link uitk-list-item uitk-link-align-left uitk-link-layout-default uitk-link-medium&quot; role=&quot;link&quot;&gt;...&lt;/a&gt; is not clickable at point (839, 103). Other element would receive the click: &lt;svg class=&quot;uitk-icon uitk-spacing uitk-spacing-padding-inlineend-three uitk-icon-medium&quot; aria-describedby=&quot;menu-link-lob_hotels-description&quot; role=&quot;img&quot; viewBox=&quot;0 0 24 24&quot; xmlns=&quot;http://www.w3.org/2000/svg&quot; xmlns:xlink=&quot;http://www.w3.org/1999/xlink&quot;&gt;...&lt;/svg&gt;
  (Session info: chrome=101.0.4951.67)
Build info: version: &apos;3.141.59&apos;, revision: &apos;e82be7d358&apos;, time: &apos;2018-11-14T08:17:03&apos;
System info: host: &apos;DESKTOP-6UC4GUC&apos;, ip: &apos;10.0.0.63&apos;, os.name: &apos;Windows 10&apos;, os.arch: &apos;amd64&apos;, os.version: &apos;10.0&apos;, java.version: &apos;17.0.2&apos;
Driver info: org.openqa.selenium.chrome.ChromeDriver
Capabilities {acceptInsecureCerts: false, browserName: chrome, browserVersion: 101.0.4951.67, chrome: {chromedriverVersion: 101.0.4951.41 (93c720db8323..., userDataDir: C:\Users\DJKre\AppData\Loca...}, goog:chromeOptions: {debuggerAddress: localhost:58191}, javascriptEnabled: true, networkConnectionEnabled: false, pageLoadStrategy: normal, platform: WINDOWS, platformName: WINDOWS, proxy: Proxy(), setWindowRect: true, strictFileInteractability: false, timeouts: {implicit: 0, pageLoad: 300000, script: 30000}, unhandledPromptBehavior: dismiss and notify, webauthn:extension:credBlob: true, webauthn:extension:largeBlob: true, webauthn:virtualAuthenticators: true}
Session ID: 8a0c51e3e29af983ced5eaa35285c29d" type="org.openqa.selenium.ElementClickInterceptedException">org.openqa.selenium.ElementClickInterceptedException: element click intercepted: Element &lt;a aria-label=&quot;Flights&quot; data-stid=&quot;flight-link&quot; href=&quot;/Flights&quot; target=&quot;_self&quot; rel=&quot;&quot; class=&quot;uitk-link uitk-list-item uitk-link-align-left uitk-link-layout-default uitk-link-medium&quot; role=&quot;link&quot;&gt;...&lt;/a&gt; is not clickable at point (839, 103). Other element would receive the click: &lt;svg class=&quot;uitk-icon uitk-spacing uitk-spacing-padding-inlineend-three uitk-icon-medium&quot; aria-describedby=&quot;menu-link-lob_hotels-description&quot; role=&quot;img&quot; viewBox=&quot;0 0 24 24&quot; xmlns=&quot;http://www.w3.org/2000/svg&quot; xmlns:xlink=&quot;http://www.w3.org/1999/xlink&quot;&gt;...&lt;/svg&gt;
  (Session info: chrome=101.0.4951.67)
Build info: version: &apos;3.141.59&apos;, revision: &apos;e82be7d358&apos;, time: &apos;2018-11-14T08:17:03&apos;
System info: host: &apos;DESKTOP-6UC4GUC&apos;, ip: &apos;10.0.0.63&apos;, os.name: &apos;Windows 10&apos;, os.arch: &apos;amd64&apos;, os.version: &apos;10.0&apos;, java.version: &apos;17.0.2&apos;
Driver info: org.openqa.selenium.chrome.ChromeDriver
Capabilities {acceptInsecureCerts: false, browserName: chrome, browserVersion: 101.0.4951.67, chrome: {chromedriverVersion: 101.0.4951.41 (93c720db8323..., userDataDir: C:\Users\DJKre\AppData\Loca...}, goog:chromeOptions: {debuggerAddress: localhost:58191}, javascriptEnabled: true, networkConnectionEnabled: false, pageLoadStrategy: normal, platform: WINDOWS, platformName: WINDOWS, proxy: Proxy(), setWindowRect: true, strictFileInteractability: false, timeouts: {implicit: 0, pageLoad: 300000, script: 30000}, unhandledPromptBehavior: dismiss and notify, webauthn:extension:credBlob: true, webauthn:extension:largeBlob: true, webauthn:virtualAuthenticators: true}
Session ID: 8a0c51e3e29af983ced5eaa35285c29d
	at java.base/jdk.internal.reflect.NativeConstructorAccessorImpl.newInstance0(Native Method)
	at java.base/jdk.internal.reflect.NativeConstructorAccessorImpl.newInstance(NativeConstructorAccessorImpl.java:77)
	at java.base/jdk.internal.reflect.DelegatingConstructorAccessorImpl.newInstance(DelegatingConstructorAccessorImpl.java:45)
	at java.base/java.lang.reflect.Constructor.newInstanceWithCaller(Constructor.java:499)
	at java.base/java.lang.reflect.Constructor.newInstance(Constructor.java:480)
	at org.openqa.selenium.remote.http.W3CHttpResponseCodec.createException(W3CHttpResponseCodec.java:187)
	at org.openqa.selenium.remote.http.W3CHttpResponseCodec.decode(W3CHttpResponseCodec.java:122)
	at org.openqa.selenium.remote.http.W3CHttpResponseCodec.decode(W3CHttpResponseCodec.java:49)
	at org.openqa.selenium.remote.HttpCommandExecutor.execute(HttpCommandExecutor.java:158)
	at org.openqa.selenium.remote.service.DriverCommandExecutor.execute(DriverCommandExecutor.java:83)
	at org.openqa.selenium.remote.RemoteWebDriver.execute(RemoteWebDriver.java:552)
	at org.openqa.selenium.remote.RemoteWebElement.execute(RemoteWebElement.java:285)
	at org.openqa.selenium.remote.RemoteWebElement.click(RemoteWebElement.java:84)
	at java.base/jdk.internal.reflect.NativeMethodAccessorImpl.invoke0(Native Method)
	at java.base/jdk.internal.reflect.NativeMethodAccessorImpl.invoke(NativeMethodAccessorImpl.java:77)
	at java.base/jdk.internal.reflect.DelegatingMethodAccessorImpl.invoke(DelegatingMethodAccessorImpl.java:43)
	at java.base/java.lang.reflect.Method.invoke(Method.java:568)
	at org.openqa.selenium.support.pagefactory.internal.LocatingElementHandler.invoke(LocatingElementHandler.java:51)
	at jdk.proxy2/jdk.proxy2.$Proxy9.click(Unknown Source)
	at scripts._07_DropdownTest.testExpediaDropdowns(_07_DropdownTest.java:67)
</failure>
    <system-err>Starting ChromeDriver 101.0.4951.41 (93c720db8323b3ec10d056025ab95c23a31997c9-refs/branch-heads/4951@{#904}) on port 28132
Only local connections are allowed.
Please see https://chromedriver.chromium.org/security-considerations for suggestions on keeping ChromeDriver safe.
ChromeDriver was started successfully.
May 29, 2022 7:01:24 PM org.openqa.selenium.remote.ProtocolHandshake createSession
INFO: Detected dialect: W3C
</system-err>
  </testcase>
  <testcase classname="scripts._07_DropdownTest" name="testEbayDropdown" time="0.887"/>
</testsuite>